<?xml version="1.0" encoding="UTF-8"?>
<testng-results ignored="0" total="1" passed="1" failed="0" skipped="0">
  <reporter-output>
  </reporter-output>
  <suite started-at="2021-12-01T20:36:23Z" name="Default suite" finished-at="2021-12-01T20:36:28Z" duration-ms="4384">
    <groups>
    </groups>
    <test started-at="2021-12-01T20:36:23Z" name="Default test" finished-at="2021-12-01T20:36:28Z" duration-ms="4384">
      <class name="com.Ecommerce.Option2.Login">
        <test-method signature="openAppilication()[pri:0, instance:com.Ecommerce.Option2.Login@2fc6f97f]" started-at="2021-12-01T20:36:23Z" name="openAppilication" finished-at="2021-12-01T20:36:28Z" duration-ms="4354" status="PASS">
          <reporter-output>
          </reporter-output>
        </test-method> <!-- openAppilication -->
      </class> <!-- com.Ecommerce.Option2.Login -->
    </test> <!-- Default test -->
  </suite> <!-- Default suite -->
</testng-results>
